<?xml version="1.0" encoding="UTF-8"?>
<!-- Generated by org.testng.reporters.JUnitXMLReporter -->
<testsuite ignored="0" hostname="KrazY" failures="0" tests="8" name="ChromeTest" time="98.924" errors="0" timestamp="2024-03-16T11:48:58 IST">
  <testcase classname="com.shopnow.qa.tests.LoginTest" name="@BeforeClass setup" time="-1.710569938559E9">
    <failure type="org.testng.TestNGException" message="
Parameter &amp;apos;browserNam&amp;apos; is required by BeforeClass on method setup but has not been marked @Optional or defined
in E:\eclipse-workspace\ShopNow\src\test\resources\testng.xml">
      <![CDATA[org.testng.TestNGException: 
Parameter 'browserNam' is required by BeforeClass on method setup but has not been marked @Optional or defined
in E:\eclipse-workspace\ShopNow\src\test\resources\testng.xml
at java.base/java.util.ArrayList.forEach(ArrayList.java:1511)
... Removed 22 stack frames]]>
    </failure>
  </testcase> <!-- @BeforeClass setup -->
  <testcase classname="com.shopnow.qa.tests.LoginTest" name="@AfterClass tearDown" time="0.0">
    <skipped/>
  </testcase> <!-- @AfterClass tearDown -->
  <testcase classname="com.shopnow.qa.tests.HomeTest" name="verifyWebsiteLoadSuccessfully" time="5.6"/>
  <testcase classname="com.shopnow.qa.tests.SearchTest" name="verifySearchValidProductName" time="7.928"/>
  <testcase classname="com.shopnow.qa.tests.SearchTest" name="verifyToClickOnSearchResultProduct" time="5.614"/>
  <testcase classname="com.shopnow.qa.tests.ProductTest" name="verifyPincodeFieldAndCheckButton" time="10.079"/>
  <testcase classname="com.shopnow.qa.tests.ProductTest" name="verifyProductAddToBag" time="4.233"/>
  <testcase classname="com.shopnow.qa.tests.CheckOutTest" name="verifyCorrectProduchAddedInCart" time="1.324"/>
  <testcase classname="com.shopnow.qa.tests.CheckOutTest" name="verifyToPlaceAnOrder" time="4.504"/>
  <testcase classname="com.shopnow.qa.tests.LoginTest" name="verifyValidEmailidAndPassword" time="0.0">
    <skipped/>
  </testcase> <!-- verifyValidEmailidAndPassword -->
</testsuite> <!-- ChromeTest -->
