<html>
<head>
<title>TestNG:  ChromeTest</title>
<link href="../testng.css" rel="stylesheet" type="text/css" />
<link href="../my-testng.css" rel="stylesheet" type="text/css" />

<style type="text/css">
.log { display: none;} 
.stack-trace { display: none;} 
</style>
<script type="text/javascript">
<!--
function flip(e) {
  current = e.style.display;
  if (current == 'block') {
    e.style.display = 'none';
    return 0;
  }
  else {
    e.style.display = 'block';
    return 1;
  }
}

function toggleBox(szDivId, elem, msg1, msg2)
{
  var res = -1;  if (document.getElementById) {
    res = flip(document.getElementById(szDivId));
  }
  else if (document.all) {
    // this is the way old msie versions work
    res = flip(document.all[szDivId]);
  }
  if(elem) {
    if(res == 0) elem.innerHTML = msg1; else elem.innerHTML = msg2;
  }

}

function toggleAllBoxes() {
  if (document.getElementsByTagName) {
    d = document.getElementsByTagName('div');
    for (i = 0; i < d.length; i++) {
      if (d[i].className == 'log') {
        flip(d[i]);
      }
    }
  }
}

// -->
</script>

</head>
<body>
<h2 align='center'>ChromeTest</h2><table border='1' align="center">
<tr>
<td>Tests passed/Failed/Skipped:</td><td>7/0/1</td>
</tr><tr>
<td>Started on:</td><td>Sat Mar 16 11:47:19 IST 2024</td>
</tr>
<tr><td>Total time:</td><td>98 seconds (98924 ms)</td>
</tr><tr>
<td>Included groups:</td><td></td>
</tr><tr>
<td>Excluded groups:</td><td></td>
</tr>
</table><p/>
<small><i>(Hover the method name to see the test class name)</i></small><p/>
<table width='100%' border='1' class='invocation-failed'>
<tr><td colspan='4' align='center'><b>FAILED CONFIGURATIONS</b></td></tr>
<tr><td><b>Test method</b></td>
<td><b>Attribute(s)</b></td>
<td width="30%"><b>Exception</b></td>
<td width="10%"><b>Time (seconds)</b></td>
<td><b>Instance</b></td>
</tr>
<tr>
<td title='com.shopnow.qa.tests.LoginTest.setup()'><b>setup</b><br>Test class: com.shopnow.qa.tests.LoginTest</td>
<td><div><pre>org.testng.TestNGException: 
Parameter &apos;browserNam&apos; is required by BeforeClass on method setup but has not been marked @Optional or defined
in E:\eclipse-workspace\ShopNow\src\test\resources\testng.xml
	at java.base/java.util.ArrayList.forEach(ArrayList.java:1511)
... Removed 22 stack frames</pre></div><a href='#' onClick='toggleBox("stack-trace1616257837", this, "Click to show all stack frames", "Click to hide stack frames")'>Click to show all stack frames</a>
<div class='stack-trace' id='stack-trace1616257837'><pre>org.testng.TestNGException: 
Parameter &apos;browserNam&apos; is required by BeforeClass on method setup but has not been marked @Optional or defined
in E:\eclipse-workspace\ShopNow\src\test\resources\testng.xml
	at org.testng.internal.Parameters.createParams(Parameters.java:267)
	at org.testng.internal.Parameters.createParametersForMethod(Parameters.java:355)
	at org.testng.internal.Parameters.createParameters(Parameters.java:684)
	at org.testng.internal.Parameters.createConfigurationParameters(Parameters.java:166)
	at org.testng.internal.invokers.ConfigInvoker.invokeConfigurations(ConfigInvoker.java:306)
	at org.testng.internal.invokers.TestMethodWorker.invokeBeforeClassMethods(TestMethodWorker.java:180)
	at org.testng.internal.invokers.TestMethodWorker.run(TestMethodWorker.java:122)
	at java.base/java.util.ArrayList.forEach(ArrayList.java:1511)
	at org.testng.TestRunner.privateRun(TestRunner.java:848)
	at org.testng.TestRunner.run(TestRunner.java:621)
	at org.testng.SuiteRunner.runTest(SuiteRunner.java:443)
	at org.testng.SuiteRunner.runSequentially(SuiteRunner.java:437)
	at org.testng.SuiteRunner.privateRun(SuiteRunner.java:397)
	at org.testng.SuiteRunner.run(SuiteRunner.java:336)
	at org.testng.SuiteRunnerWorker.runSuite(SuiteRunnerWorker.java:52)
	at org.testng.SuiteRunnerWorker.run(SuiteRunnerWorker.java:95)
	at org.testng.TestNG.runSuitesSequentially(TestNG.java:1280)
	at org.testng.TestNG.runSuitesLocally(TestNG.java:1200)
	at org.testng.TestNG.runSuites(TestNG.java:1114)
	at org.testng.TestNG.run(TestNG.java:1082)
	at org.testng.remote.AbstractRemoteTestNG.run(AbstractRemoteTestNG.java:115)
	at org.testng.remote.RemoteTestNG.initAndRun(RemoteTestNG.java:251)
	at org.testng.remote.RemoteTestNG.main(RemoteTestNG.java:77)
</pre></div></td>
<td>-1710569938</td>
<td>com.shopnow.qa.tests.LoginTest@3ba987b8</td></tr>
</table><p>
<table width='100%' border='1' class='invocation-skipped'>
<tr><td colspan='4' align='center'><b>SKIPPED CONFIGURATIONS</b></td></tr>
<tr><td><b>Test method</b></td>
<td><b>Attribute(s)</b></td>
<td width="30%"><b>Exception</b></td>
<td width="10%"><b>Time (seconds)</b></td>
<td><b>Instance</b></td>
</tr>
<tr>
<td title='com.shopnow.qa.tests.LoginTest.tearDown()'><b>tearDown</b><br>Test class: com.shopnow.qa.tests.LoginTest</td>
<td></td>
<td>0</td>
<td>com.shopnow.qa.tests.LoginTest@3ba987b8</td></tr>
</table><p>
<table width='100%' border='1' class='invocation-passed'>
<tr><td colspan='4' align='center'><b>PASSED TESTS</b></td></tr>
<tr><td><b>Test method</b></td>
<td><b>Attribute(s)</b></td>
<td width="30%"><b>Exception</b></td>
<td width="10%"><b>Time (seconds)</b></td>
<td><b>Instance</b></td>
</tr>
<tr>
<td title='com.shopnow.qa.tests.SearchTest.verifySearchValidProductName()'><b>verifySearchValidProductName</b><br>Test class: com.shopnow.qa.tests.SearchTest</td>
<td></td>
<td>7</td>
<td>com.shopnow.qa.tests.SearchTest@8519cb4</td></tr>
<tr>
<td title='com.shopnow.qa.tests.ProductTest.verifyProductAddToBag()'><b>verifyProductAddToBag</b><br>Test class: com.shopnow.qa.tests.ProductTest</td>
<td></td>
<td>4</td>
<td>com.shopnow.qa.tests.ProductTest@35dab4eb</td></tr>
<tr>
<td title='com.shopnow.qa.tests.CheckOutTest.verifyCorrectProduchAddedInCart()'><b>verifyCorrectProduchAddedInCart</b><br>Test class: com.shopnow.qa.tests.CheckOutTest</td>
<td></td>
<td>1</td>
<td>com.shopnow.qa.tests.CheckOutTest@2d901eb0</td></tr>
<tr>
<td title='com.shopnow.qa.tests.CheckOutTest.verifyToPlaceAnOrder()'><b>verifyToPlaceAnOrder</b><br>Test class: com.shopnow.qa.tests.CheckOutTest</td>
<td></td>
<td>4</td>
<td>com.shopnow.qa.tests.CheckOutTest@2d901eb0</td></tr>
<tr>
<td title='com.shopnow.qa.tests.HomeTest.verifyWebsiteLoadSuccessfully()'><b>verifyWebsiteLoadSuccessfully</b><br>Test class: com.shopnow.qa.tests.HomeTest</td>
<td></td>
<td>5</td>
<td>com.shopnow.qa.tests.HomeTest@449a4f23</td></tr>
<tr>
<td title='com.shopnow.qa.tests.SearchTest.verifyToClickOnSearchResultProduct()'><b>verifyToClickOnSearchResultProduct</b><br>Test class: com.shopnow.qa.tests.SearchTest</td>
<td></td>
<td>5</td>
<td>com.shopnow.qa.tests.SearchTest@8519cb4</td></tr>
<tr>
<td title='com.shopnow.qa.tests.ProductTest.verifyPincodeFieldAndCheckButton()'><b>verifyPincodeFieldAndCheckButton</b><br>Test class: com.shopnow.qa.tests.ProductTest</td>
<td></td>
<td>10</td>
<td>com.shopnow.qa.tests.ProductTest@35dab4eb</td></tr>
</table><p>
<table width='100%' border='1' class='invocation-skipped'>
<tr><td colspan='4' align='center'><b>SKIPPED TESTS</b></td></tr>
<tr><td><b>Test method</b></td>
<td><b>Attribute(s)</b></td>
<td width="30%"><b>Exception</b></td>
<td width="10%"><b>Time (seconds)</b></td>
<td><b>Instance</b></td>
</tr>
<tr>
<td title='com.shopnow.qa.tests.LoginTest.verifyValidEmailidAndPassword()'><b>verifyValidEmailidAndPassword</b><br>Test class: com.shopnow.qa.tests.LoginTest</td>
<td><div><pre>org.testng.TestNGException: 
Parameter &apos;browserNam&apos; is required by BeforeClass on method setup but has not been marked @Optional or defined
in E:\eclipse-workspace\ShopNow\src\test\resources\testng.xml
	at java.base/java.util.ArrayList.forEach(ArrayList.java:1511)
... Removed 22 stack frames</pre></div><a href='#' onClick='toggleBox("stack-trace1078905349", this, "Click to show all stack frames", "Click to hide stack frames")'>Click to show all stack frames</a>
<div class='stack-trace' id='stack-trace1078905349'><pre>org.testng.TestNGException: 
Parameter &apos;browserNam&apos; is required by BeforeClass on method setup but has not been marked @Optional or defined
in E:\eclipse-workspace\ShopNow\src\test\resources\testng.xml
	at org.testng.internal.Parameters.createParams(Parameters.java:267)
	at org.testng.internal.Parameters.createParametersForMethod(Parameters.java:355)
	at org.testng.internal.Parameters.createParameters(Parameters.java:684)
	at org.testng.internal.Parameters.createConfigurationParameters(Parameters.java:166)
	at org.testng.internal.invokers.ConfigInvoker.invokeConfigurations(ConfigInvoker.java:306)
	at org.testng.internal.invokers.TestMethodWorker.invokeBeforeClassMethods(TestMethodWorker.java:180)
	at org.testng.internal.invokers.TestMethodWorker.run(TestMethodWorker.java:122)
	at java.base/java.util.ArrayList.forEach(ArrayList.java:1511)
	at org.testng.TestRunner.privateRun(TestRunner.java:848)
	at org.testng.TestRunner.run(TestRunner.java:621)
	at org.testng.SuiteRunner.runTest(SuiteRunner.java:443)
	at org.testng.SuiteRunner.runSequentially(SuiteRunner.java:437)
	at org.testng.SuiteRunner.privateRun(SuiteRunner.java:397)
	at org.testng.SuiteRunner.run(SuiteRunner.java:336)
	at org.testng.SuiteRunnerWorker.runSuite(SuiteRunnerWorker.java:52)
	at org.testng.SuiteRunnerWorker.run(SuiteRunnerWorker.java:95)
	at org.testng.TestNG.runSuitesSequentially(TestNG.java:1280)
	at org.testng.TestNG.runSuitesLocally(TestNG.java:1200)
	at org.testng.TestNG.runSuites(TestNG.java:1114)
	at org.testng.TestNG.run(TestNG.java:1082)
	at org.testng.remote.AbstractRemoteTestNG.run(AbstractRemoteTestNG.java:115)
	at org.testng.remote.RemoteTestNG.initAndRun(RemoteTestNG.java:251)
	at org.testng.remote.RemoteTestNG.main(RemoteTestNG.java:77)
</pre></div></td>
<td>0</td>
<td>com.shopnow.qa.tests.LoginTest@3ba987b8</td></tr>
</table><p>
</body>
</html>