<?xml version="1.0" encoding="UTF-8"?>
<!-- Generated by org.testng.reporters.JUnitXMLReporter -->
<testsuite ignored="0" hostname="KrazY" failures="1" tests="16" name="ShopNow Test" time="266.382" errors="0" timestamp="2024-03-17T11:53:17 IST">
  <testcase classname="com.shopnow.qa.tests.ShippingTest" name="@BeforeClass setup" time="32.254">
    <failure type="java.lang.AssertionError" message="Error detected on the page: &amp;apos;Something&amp;apos;s not right. Please try again.&amp;apos;">
      <![CDATA[java.lang.AssertionError: Error detected on the page: 'Something's not right. Please try again.'
at com.shopnow.qa.pages.LoginPage.enterEmailid(LoginPage.java:57)
at com.shopnow.qa.pages.ShippingPage.roadToShippingPage(ShippingPage.java:111)
at com.shopnow.qa.tests.ShippingTest.setup(ShippingTest.java:28)
at java.base/java.util.ArrayList.forEach(ArrayList.java:1511)
... Removed 26 stack frames]]>
    </failure>
  </testcase> <!-- @BeforeClass setup -->
  <testcase classname="com.shopnow.qa.tests.ShippingTest" name="@AfterClass tearDown" time="0.0">
    <skipped/>
  </testcase> <!-- @AfterClass tearDown -->
  <testcase classname="com.shopnow.qa.tests.OrderSummaryTest" name="@BeforeClass setup" time="39.552">
    <failure type="java.lang.AssertionError" message="Error detected on the page: &amp;apos;Something&amp;apos;s not right. Please try again.&amp;apos;">
      <![CDATA[java.lang.AssertionError: Error detected on the page: 'Something's not right. Please try again.'
at com.shopnow.qa.pages.LoginPage.enterEmailid(LoginPage.java:57)
at com.shopnow.qa.pages.OrderSummaryPage.roadToOrderSummary(OrderSummaryPage.java:93)
at com.shopnow.qa.tests.OrderSummaryTest.setup(OrderSummaryTest.java:31)
at java.base/java.util.ArrayList.forEach(ArrayList.java:1511)
... Removed 26 stack frames]]>
    </failure>
  </testcase> <!-- @BeforeClass setup -->
  <testcase classname="com.shopnow.qa.tests.OrderSummaryTest" name="@AfterClass tearDown" time="0.0">
    <skipped/>
  </testcase> <!-- @AfterClass tearDown -->
  <testcase classname="com.shopnow.qa.tests.PaymentTest" name="@BeforeClass setup" time="36.903">
    <failure type="java.lang.AssertionError" message="Error detected on the page: &amp;apos;Something&amp;apos;s not right. Please try again.&amp;apos;">
      <![CDATA[java.lang.AssertionError: Error detected on the page: 'Something's not right. Please try again.'
at com.shopnow.qa.pages.LoginPage.enterEmailid(LoginPage.java:57)
at com.shopnow.qa.pages.PaymentPage.roadToPayment(PaymentPage.java:92)
at com.shopnow.qa.tests.PaymentTest.setup(PaymentTest.java:27)
at java.base/java.util.ArrayList.forEach(ArrayList.java:1511)
... Removed 26 stack frames]]>
    </failure>
  </testcase> <!-- @BeforeClass setup -->
  <testcase classname="com.shopnow.qa.tests.PaymentTest" name="@AfterClass tearDown" time="0.0">
    <skipped/>
  </testcase> <!-- @AfterClass tearDown -->
  <testcase classname="com.shopnow.qa.tests.HomeTest" name="verifyWebsiteLoadSuccessfully" time="7.801"/>
  <testcase classname="com.shopnow.qa.tests.SearchTest" name="verifySearchValidProductName" time="10.216"/>
  <testcase classname="com.shopnow.qa.tests.SearchTest" name="verifyToClickOnSearchResultProduct" time="5.867"/>
  <testcase classname="com.shopnow.qa.tests.ProductTest" name="VerifyPincodeFieldAndCheckButton" time="10.496"/>
  <testcase classname="com.shopnow.qa.tests.ProductTest" name="verifyProductAddToBag" time="6.632"/>
  <testcase classname="com.shopnow.qa.tests.CheckOutTest" name="verifyCorrectProduchAddedInCart" time="1.519"/>
  <testcase classname="com.shopnow.qa.tests.CheckOutTest" name="verifyToPlaceAnOrder" time="3.668"/>
  <testcase classname="com.shopnow.qa.tests.LoginTest" name="verifyValidEmailidAndPassword" time="2.947">
    <failure type="java.lang.AssertionError" message="Error detected on the page: &amp;apos;Something&amp;apos;s not right. Please try again.&amp;apos;">
      <![CDATA[java.lang.AssertionError: Error detected on the page: 'Something's not right. Please try again.'
at com.shopnow.qa.pages.LoginPage.enterEmailid(LoginPage.java:57)
at com.shopnow.qa.tests.LoginTest.verifyValidEmailidAndPassword(LoginTest.java:37)
at java.base/java.util.ArrayList.forEach(ArrayList.java:1511)
... Removed 28 stack frames]]>
    </failure>
  </testcase> <!-- verifyValidEmailidAndPassword -->
  <testcase classname="com.shopnow.qa.tests.ShippingTest" name="verifyCompleteAddressDetails" time="0.0">
    <skipped/>
  </testcase> <!-- verifyCompleteAddressDetails -->
  <testcase classname="com.shopnow.qa.tests.OrderSummaryTest" name="verifyCorrectProductAddedInSummary" time="0.0">
    <skipped/>
  </testcase> <!-- verifyCorrectProductAddedInSummary -->
  <testcase classname="com.shopnow.qa.tests.OrderSummaryTest" name="verifyQuantiyOfProduct" time="0.0">
    <skipped/>
  </testcase> <!-- verifyQuantiyOfProduct -->
  <testcase classname="com.shopnow.qa.tests.OrderSummaryTest" name="verifyPriceAndRemoveButton" time="0.0">
    <skipped/>
  </testcase> <!-- verifyPriceAndRemoveButton -->
  <testcase classname="com.shopnow.qa.tests.OrderSummaryTest" name="VerifyFunctionalityOfContinueButtonInOrderSummary" time="0.0">
    <skipped/>
  </testcase> <!-- VerifyFunctionalityOfContinueButtonInOrderSummary -->
  <testcase classname="com.shopnow.qa.tests.OrderSummaryTest" name="verifyAcceptAndContinueButton" time="0.0">
    <skipped/>
  </testcase> <!-- verifyAcceptAndContinueButton -->
  <testcase classname="com.shopnow.qa.tests.PaymentTest" name="verifyByClickingCreditCardRadioButton" time="0.0">
    <skipped/>
  </testcase> <!-- verifyByClickingCreditCardRadioButton -->
  <testcase classname="com.shopnow.qa.tests.PaymentTest" name="verifyCompleteDetailsOfCards" time="0.0">
    <skipped/>
  </testcase> <!-- verifyCompleteDetailsOfCards -->
</testsuite> <!-- ShopNow Test -->
