<!DOCTYPE html PUBLIC "-//W3C//DTD XHTML 1.1//EN" "https://www.w3.org/TR/xhtml11/DTD/xhtml11.dtd">
<html xmlns="https://www.w3.org/1999/xhtml">
<head>
<meta http-equiv="content-type" content="text/html; charset=UTF-8"/>
<title>TestNG Report</title>
<style type="text/css">table {margin-bottom:10px;border-collapse:collapse;empty-cells:show}th,td {border:1px solid #009;padding:.25em .5em}th {vertical-align:bottom}td {vertical-align:top}table a {font-weight:bold}.stripe td {background-color: #E6EBF9}.num {text-align:right}.passedodd td {background-color: #3F3}.passedeven td {background-color: #0A0}.skippedodd td {background-color: #DDD}.skippedeven td {background-color: #CCC}.failedodd td,.attn {background-color: #F33}.failedeven td,.stripe .attn {background-color: #D00}.stacktrace {white-space:pre;font-family:monospace}.totop {font-size:85%;text-align:center;border-bottom:2px solid #000}.invisible {display:none}</style>
</head>
<body>
<table>
<tr><th>Test</th><th># Passed</th><th># Skipped</th><th># Retried</th><th># Failed</th><th>Time (ms)</th><th>Included Groups</th><th>Excluded Groups</th></tr>
<tr><th colspan="8">ShopNow</th></tr>
<tr><td><a href="#t0">ShopNow Test</a></td><td class="num">7</td><td class="num attn">8</td><td class="num">0</td><td class="num attn">1</td><td class="num">266,382</td><td></td><td></td></tr>
</table>
<table id='summary'><thead><tr><th>Class</th><th>Method</th><th>Start</th><th>Time (ms)</th></tr></thead><tbody><tr><th colspan="4">ShopNow</th></tr></tbody><tbody id="t0"><tr><th colspan="4">ShopNow Test &#8212; failed (configuration methods)</th></tr><tr class="failedeven"><td rowspan="1">com.shopnow.qa.tests.OrderSummaryTest</td><td><a href="#m0">setup</a></td><td rowspan="1">1710656518323</td><td rowspan="1">39552</td></tr><tr class="failedodd"><td rowspan="1">com.shopnow.qa.tests.PaymentTest</td><td><a href="#m1">setup</a></td><td rowspan="1">1710656558027</td><td rowspan="1">36903</td></tr><tr class="failedeven"><td rowspan="1">com.shopnow.qa.tests.ShippingTest</td><td><a href="#m2">setup</a></td><td rowspan="1">1710656486030</td><td rowspan="1">32254</td></tr><tr><th colspan="4">ShopNow Test &#8212; failed</th></tr><tr class="failedeven"><td rowspan="1">com.shopnow.qa.tests.LoginTest</td><td><a href="#m3">verifyValidEmailidAndPassword</a></td><td rowspan="1">1710656482225</td><td rowspan="1">2947</td></tr><tr><th colspan="4">ShopNow Test &#8212; skipped (configuration methods)</th></tr><tr class="skippedeven"><td rowspan="1">com.shopnow.qa.tests.OrderSummaryTest</td><td><a href="#m4">tearDown</a></td><td rowspan="1">1710656558022</td><td rowspan="1">0</td></tr><tr class="skippedodd"><td rowspan="1">com.shopnow.qa.tests.PaymentTest</td><td><a href="#m5">tearDown</a></td><td rowspan="1">1710656595127</td><td rowspan="1">0</td></tr><tr class="skippedeven"><td rowspan="1">com.shopnow.qa.tests.ShippingTest</td><td><a href="#m6">tearDown</a></td><td rowspan="1">1710656518318</td><td rowspan="1">0</td></tr><tr><th colspan="4">ShopNow Test &#8212; skipped</th></tr><tr class="skippedeven"><td rowspan="5">com.shopnow.qa.tests.OrderSummaryTest</td><td><a href="#m7">VerifyFunctionalityOfContinueButtonInOrderSummary</a></td><td rowspan="1">1710656557947</td><td rowspan="1">0</td></tr><tr class="skippedeven"><td><a href="#m8">verifyAcceptAndContinueButton</a></td><td rowspan="1">1710656557964</td><td rowspan="1">0</td></tr><tr class="skippedeven"><td><a href="#m9">verifyCorrectProductAddedInSummary</a></td><td rowspan="1">1710656557884</td><td rowspan="1">0</td></tr><tr class="skippedeven"><td><a href="#m10">verifyPriceAndRemoveButton</a></td><td rowspan="1">1710656557924</td><td rowspan="1">0</td></tr><tr class="skippedeven"><td><a href="#m11">verifyQuantiyOfProduct</a></td><td rowspan="1">1710656557912</td><td rowspan="1">0</td></tr><tr class="skippedodd"><td rowspan="2">com.shopnow.qa.tests.PaymentTest</td><td><a href="#m12">verifyByClickingCreditCardRadioButton</a></td><td rowspan="1">1710656594951</td><td rowspan="1">0</td></tr><tr class="skippedodd"><td><a href="#m13">verifyCompleteDetailsOfCards</a></td><td rowspan="1">1710656595011</td><td rowspan="1">0</td></tr><tr class="skippedeven"><td rowspan="1">com.shopnow.qa.tests.ShippingTest</td><td><a href="#m14">verifyCompleteAddressDetails</a></td><td rowspan="1">1710656518296</td><td rowspan="1">0</td></tr><tr><th colspan="4">ShopNow Test &#8212; passed</th></tr><tr class="passedeven"><td rowspan="2">com.shopnow.qa.tests.CheckOutTest</td><td><a href="#m15">verifyCorrectProduchAddedInCart</a></td><td rowspan="1">1710656445687</td><td rowspan="1">1519</td></tr><tr class="passedeven"><td><a href="#m16">verifyToPlaceAnOrder</a></td><td rowspan="1">1710656447220</td><td rowspan="1">3668</td></tr><tr class="passedodd"><td rowspan="1">com.shopnow.qa.tests.HomeTest</td><td><a href="#m17">verifyWebsiteLoadSuccessfully</a></td><td rowspan="1">1710656335399</td><td rowspan="1">7801</td></tr><tr class="passedeven"><td rowspan="2">com.shopnow.qa.tests.ProductTest</td><td><a href="#m18">VerifyPincodeFieldAndCheckButton</a></td><td rowspan="1">1710656388519</td><td rowspan="1">10496</td></tr><tr class="passedeven"><td><a href="#m19">verifyProductAddToBag</a></td><td rowspan="1">1710656399035</td><td rowspan="1">6632</td></tr><tr class="passedodd"><td rowspan="2">com.shopnow.qa.tests.SearchTest</td><td><a href="#m20">verifySearchValidProductName</a></td><td rowspan="1">1710656354821</td><td rowspan="1">10216</td></tr><tr class="passedodd"><td><a href="#m21">verifyToClickOnSearchResultProduct</a></td><td rowspan="1">1710656365067</td><td rowspan="1">5867</td></tr></tbody>
</table>
<h2>ShopNow Test</h2><h3 id="m0">com.shopnow.qa.tests.OrderSummaryTest#setup</h3><table class="result"><tr><th>Exception</th></tr><tr><td><div class="stacktrace">java.lang.AssertionError: Error detected on the page: &apos;Something&apos;s not right. Please try again.&apos;
	at com.shopnow.qa.pages.LoginPage.enterEmailid(LoginPage.java:57)
	at com.shopnow.qa.pages.OrderSummaryPage.roadToOrderSummary(OrderSummaryPage.java:93)
	at com.shopnow.qa.tests.OrderSummaryTest.setup(OrderSummaryTest.java:31)
	at java.base/java.util.ArrayList.forEach(ArrayList.java:1511)
... Removed 26 stack frames</div></td></tr></table><p class="totop"><a href="#summary">back to summary</a></p>
<h3 id="m1">com.shopnow.qa.tests.PaymentTest#setup</h3><table class="result"><tr><th>Exception</th></tr><tr><td><div class="stacktrace">java.lang.AssertionError: Error detected on the page: &apos;Something&apos;s not right. Please try again.&apos;
	at com.shopnow.qa.pages.LoginPage.enterEmailid(LoginPage.java:57)
	at com.shopnow.qa.pages.PaymentPage.roadToPayment(PaymentPage.java:92)
	at com.shopnow.qa.tests.PaymentTest.setup(PaymentTest.java:27)
	at java.base/java.util.ArrayList.forEach(ArrayList.java:1511)
... Removed 26 stack frames</div></td></tr></table><p class="totop"><a href="#summary">back to summary</a></p>
<h3 id="m2">com.shopnow.qa.tests.ShippingTest#setup</h3><table class="result"><tr><th>Exception</th></tr><tr><td><div class="stacktrace">java.lang.AssertionError: Error detected on the page: &apos;Something&apos;s not right. Please try again.&apos;
	at com.shopnow.qa.pages.LoginPage.enterEmailid(LoginPage.java:57)
	at com.shopnow.qa.pages.ShippingPage.roadToShippingPage(ShippingPage.java:111)
	at com.shopnow.qa.tests.ShippingTest.setup(ShippingTest.java:28)
	at java.base/java.util.ArrayList.forEach(ArrayList.java:1511)
... Removed 26 stack frames</div></td></tr></table><p class="totop"><a href="#summary">back to summary</a></p>
<h3 id="m3">com.shopnow.qa.tests.LoginTest#verifyValidEmailidAndPassword</h3><table class="result"><tr><th>Exception</th></tr><tr><td><div class="stacktrace">java.lang.AssertionError: Error detected on the page: &apos;Something&apos;s not right. Please try again.&apos;
	at com.shopnow.qa.pages.LoginPage.enterEmailid(LoginPage.java:57)
	at com.shopnow.qa.tests.LoginTest.verifyValidEmailidAndPassword(LoginTest.java:37)
	at java.base/java.util.ArrayList.forEach(ArrayList.java:1511)
... Removed 28 stack frames</div></td></tr></table><p class="totop"><a href="#summary">back to summary</a></p>
<h3 id="m4">com.shopnow.qa.tests.OrderSummaryTest#tearDown</h3><table class="result"><tr><th class="invisible"/></tr></table><p class="totop"><a href="#summary">back to summary</a></p>
<h3 id="m5">com.shopnow.qa.tests.PaymentTest#tearDown</h3><table class="result"><tr><th class="invisible"/></tr></table><p class="totop"><a href="#summary">back to summary</a></p>
<h3 id="m6">com.shopnow.qa.tests.ShippingTest#tearDown</h3><table class="result"><tr><th class="invisible"/></tr></table><p class="totop"><a href="#summary">back to summary</a></p>
<h3 id="m7">com.shopnow.qa.tests.OrderSummaryTest#VerifyFunctionalityOfContinueButtonInOrderSummary</h3><table class="result"><tr><th>Exception</th></tr><tr><td><div class="stacktrace">java.lang.AssertionError: Error detected on the page: &apos;Something&apos;s not right. Please try again.&apos;
	at com.shopnow.qa.pages.LoginPage.enterEmailid(LoginPage.java:57)
	at com.shopnow.qa.pages.OrderSummaryPage.roadToOrderSummary(OrderSummaryPage.java:93)
	at com.shopnow.qa.tests.OrderSummaryTest.setup(OrderSummaryTest.java:31)
	at java.base/java.util.ArrayList.forEach(ArrayList.java:1511)
... Removed 26 stack frames</div></td></tr></table><p class="totop"><a href="#summary">back to summary</a></p>
<h3 id="m8">com.shopnow.qa.tests.OrderSummaryTest#verifyAcceptAndContinueButton</h3><table class="result"><tr><th>Exception</th></tr><tr><td><div class="stacktrace">java.lang.AssertionError: Error detected on the page: &apos;Something&apos;s not right. Please try again.&apos;
	at com.shopnow.qa.pages.LoginPage.enterEmailid(LoginPage.java:57)
	at com.shopnow.qa.pages.OrderSummaryPage.roadToOrderSummary(OrderSummaryPage.java:93)
	at com.shopnow.qa.tests.OrderSummaryTest.setup(OrderSummaryTest.java:31)
	at java.base/java.util.ArrayList.forEach(ArrayList.java:1511)
... Removed 26 stack frames</div></td></tr></table><p class="totop"><a href="#summary">back to summary</a></p>
<h3 id="m9">com.shopnow.qa.tests.OrderSummaryTest#verifyCorrectProductAddedInSummary</h3><table class="result"><tr><th>Exception</th></tr><tr><td><div class="stacktrace">java.lang.AssertionError: Error detected on the page: &apos;Something&apos;s not right. Please try again.&apos;
	at com.shopnow.qa.pages.LoginPage.enterEmailid(LoginPage.java:57)
	at com.shopnow.qa.pages.OrderSummaryPage.roadToOrderSummary(OrderSummaryPage.java:93)
	at com.shopnow.qa.tests.OrderSummaryTest.setup(OrderSummaryTest.java:31)
	at java.base/java.util.ArrayList.forEach(ArrayList.java:1511)
... Removed 26 stack frames</div></td></tr></table><p class="totop"><a href="#summary">back to summary</a></p>
<h3 id="m10">com.shopnow.qa.tests.OrderSummaryTest#verifyPriceAndRemoveButton</h3><table class="result"><tr><th>Exception</th></tr><tr><td><div class="stacktrace">java.lang.AssertionError: Error detected on the page: &apos;Something&apos;s not right. Please try again.&apos;
	at com.shopnow.qa.pages.LoginPage.enterEmailid(LoginPage.java:57)
	at com.shopnow.qa.pages.OrderSummaryPage.roadToOrderSummary(OrderSummaryPage.java:93)
	at com.shopnow.qa.tests.OrderSummaryTest.setup(OrderSummaryTest.java:31)
	at java.base/java.util.ArrayList.forEach(ArrayList.java:1511)
... Removed 26 stack frames</div></td></tr></table><p class="totop"><a href="#summary">back to summary</a></p>
<h3 id="m11">com.shopnow.qa.tests.OrderSummaryTest#verifyQuantiyOfProduct</h3><table class="result"><tr><th>Exception</th></tr><tr><td><div class="stacktrace">java.lang.AssertionError: Error detected on the page: &apos;Something&apos;s not right. Please try again.&apos;
	at com.shopnow.qa.pages.LoginPage.enterEmailid(LoginPage.java:57)
	at com.shopnow.qa.pages.OrderSummaryPage.roadToOrderSummary(OrderSummaryPage.java:93)
	at com.shopnow.qa.tests.OrderSummaryTest.setup(OrderSummaryTest.java:31)
	at java.base/java.util.ArrayList.forEach(ArrayList.java:1511)
... Removed 26 stack frames</div></td></tr></table><p class="totop"><a href="#summary">back to summary</a></p>
<h3 id="m12">com.shopnow.qa.tests.PaymentTest#verifyByClickingCreditCardRadioButton</h3><table class="result"><tr><th>Exception</th></tr><tr><td><div class="stacktrace">java.lang.AssertionError: Error detected on the page: &apos;Something&apos;s not right. Please try again.&apos;
	at com.shopnow.qa.pages.LoginPage.enterEmailid(LoginPage.java:57)
	at com.shopnow.qa.pages.PaymentPage.roadToPayment(PaymentPage.java:92)
	at com.shopnow.qa.tests.PaymentTest.setup(PaymentTest.java:27)
	at java.base/java.util.ArrayList.forEach(ArrayList.java:1511)
... Removed 26 stack frames</div></td></tr></table><p class="totop"><a href="#summary">back to summary</a></p>
<h3 id="m13">com.shopnow.qa.tests.PaymentTest#verifyCompleteDetailsOfCards</h3><table class="result"><tr><th>Exception</th></tr><tr><td><div class="stacktrace">java.lang.AssertionError: Error detected on the page: &apos;Something&apos;s not right. Please try again.&apos;
	at com.shopnow.qa.pages.LoginPage.enterEmailid(LoginPage.java:57)
	at com.shopnow.qa.pages.PaymentPage.roadToPayment(PaymentPage.java:92)
	at com.shopnow.qa.tests.PaymentTest.setup(PaymentTest.java:27)
	at java.base/java.util.ArrayList.forEach(ArrayList.java:1511)
... Removed 26 stack frames</div></td></tr></table><p class="totop"><a href="#summary">back to summary</a></p>
<h3 id="m14">com.shopnow.qa.tests.ShippingTest#verifyCompleteAddressDetails</h3><table class="result"><tr><th>Exception</th></tr><tr><td><div class="stacktrace">java.lang.AssertionError: Error detected on the page: &apos;Something&apos;s not right. Please try again.&apos;
	at com.shopnow.qa.pages.LoginPage.enterEmailid(LoginPage.java:57)
	at com.shopnow.qa.pages.ShippingPage.roadToShippingPage(ShippingPage.java:111)
	at com.shopnow.qa.tests.ShippingTest.setup(ShippingTest.java:28)
	at java.base/java.util.ArrayList.forEach(ArrayList.java:1511)
... Removed 26 stack frames</div></td></tr></table><p class="totop"><a href="#summary">back to summary</a></p>
<h3 id="m15">com.shopnow.qa.tests.CheckOutTest#verifyCorrectProduchAddedInCart</h3><table class="result"><tr><th class="invisible"/></tr></table><p class="totop"><a href="#summary">back to summary</a></p>
<h3 id="m16">com.shopnow.qa.tests.CheckOutTest#verifyToPlaceAnOrder</h3><table class="result"><tr><th class="invisible"/></tr></table><p class="totop"><a href="#summary">back to summary</a></p>
<h3 id="m17">com.shopnow.qa.tests.HomeTest#verifyWebsiteLoadSuccessfully</h3><table class="result"><tr><th class="invisible"/></tr></table><p class="totop"><a href="#summary">back to summary</a></p>
<h3 id="m18">com.shopnow.qa.tests.ProductTest#VerifyPincodeFieldAndCheckButton</h3><table class="result"><tr><th class="invisible"/></tr></table><p class="totop"><a href="#summary">back to summary</a></p>
<h3 id="m19">com.shopnow.qa.tests.ProductTest#verifyProductAddToBag</h3><table class="result"><tr><th class="invisible"/></tr></table><p class="totop"><a href="#summary">back to summary</a></p>
<h3 id="m20">com.shopnow.qa.tests.SearchTest#verifySearchValidProductName</h3><table class="result"><tr><th class="invisible"/></tr></table><p class="totop"><a href="#summary">back to summary</a></p>
<h3 id="m21">com.shopnow.qa.tests.SearchTest#verifyToClickOnSearchResultProduct</h3><table class="result"><tr><th class="invisible"/></tr></table><p class="totop"><a href="#summary">back to summary</a></p>
</body>
</html>
