<!DOCTYPE html>

<html>
  <head>
  <meta charset='utf-8'>
  <title>TestNG reports</title>

    <link type="text/css" href="testng-reports1.css" rel="stylesheet" id="ultra" />
    <link type="text/css" href="testng-reports.css" rel="stylesheet" id="retro" disabled="false"/>
    <script type="text/javascript" src="jquery-3.6.0.min.js"></script>
    <script type="text/javascript" src="testng-reports.js"></script>
    <script type="text/javascript" src="https://www.google.com/jsapi"></script>
    <script type='text/javascript'>
      google.load('visualization', '1', {packages:['table']});
      google.setOnLoadCallback(drawTable);
      var suiteTableInitFunctions = new Array();
      var suiteTableData = new Array();
    </script>
    <!--
      <script type="text/javascript" src="jquery-ui/js/jquery-ui-1.8.16.custom.min.js"></script>
     -->
  </head>

  <body>    <div class="top-banner-root">
      <span class="top-banner-title-font">Test results</span>
      <button id="button" class="button">Switch Retro Theme</button> <!-- button -->
      <br/>
      <span class="top-banner-font-1">1 suite, 1 failed test</span>
    </div> <!-- top-banner-root -->
    <div class="navigator-root">
      <div class="navigator-suite-header">
        <span>All suites</span>
        <a href="#" title="Collapse/expand all the suites" class="collapse-all-link">
          <img src="collapseall.gif" class="collapse-all-icon">
          </img> <!-- collapse-all-icon -->
        </a> <!-- collapse-all-link -->
      </div> <!-- navigator-suite-header -->
      <div class="suite">
        <div class="rounded-window">
          <div class="suite-header light-rounded-window-top">
            <a href="#" panel-name="suite-ShopNow" class="navigator-link">
              <span class="suite-name border-failed">ShopNow</span>
            </a> <!-- navigator-link -->
          </div> <!-- suite-header light-rounded-window-top -->
          <div class="navigator-suite-content">
            <div class="suite-section-title">
              <span>Info</span>
            </div> <!-- suite-section-title -->
            <div class="suite-section-content">
              <ul>
                <li>
                  <a href="#" panel-name="test-xml-ShopNow" class="navigator-link ">
                    <span>E:\eclipse-workspace\ShopNow\src\test\resources\testng.xml</span>
                  </a> <!-- navigator-link  -->
                </li>
                <li>
                  <a href="#" panel-name="testlist-ShopNow" class="navigator-link ">
                    <span class="test-stats">1 test</span>
                  </a> <!-- navigator-link  -->
                </li>
                <li>
                  <a href="#" panel-name="group-ShopNow" class="navigator-link ">
                    <span>0 groups</span>
                  </a> <!-- navigator-link  -->
                </li>
                <li>
                  <a href="#" panel-name="times-ShopNow" class="navigator-link ">
                    <span>Times</span>
                  </a> <!-- navigator-link  -->
                </li>
                <li>
                  <a href="#" panel-name="reporter-ShopNow" class="navigator-link ">
                    <span>Reporter output</span>
                  </a> <!-- navigator-link  -->
                </li>
                <li>
                  <a href="#" panel-name="ignored-methods-ShopNow" class="navigator-link ">
                    <span>Ignored methods</span>
                  </a> <!-- navigator-link  -->
                </li>
                <li>
                  <a href="#" panel-name="chronological-ShopNow" class="navigator-link ">
                    <span>Chronological view</span>
                  </a> <!-- navigator-link  -->
                </li>
              </ul>
            </div> <!-- suite-section-content -->
            <div class="result-section">
              <div class="suite-section-title">
                <span>Results</span>
              </div> <!-- suite-section-title -->
              <div class="suite-section-content">
                <ul>
                  <li>
                    <span class="method-stats">16 methods, 1 failed,  8 skipped,  7 passed</span>
                  </li>
                  <li>
                    <span class="method-list-title failed">Failed methods</span>
                    <span class="show-or-hide-methods failed">
                      <a href="#" panel-name="suite-ShopNow" class="hide-methods failed suite-ShopNow"> (hide)</a> <!-- hide-methods failed suite-ShopNow -->
                      <a href="#" panel-name="suite-ShopNow" class="show-methods failed suite-ShopNow"> (show)</a> <!-- show-methods failed suite-ShopNow -->
                    </span>
                    <div class="method-list-content failed suite-ShopNow">
                      <span>
                        <img src="failed.png" width="3%"/>
                        <a href="#" panel-name="suite-ShopNow" title="com.shopnow.qa.tests.LoginTest" class="method navigator-link" hash-for-method="verifyValidEmailidAndPassword">verifyValidEmailidAndPassword</a> <!-- method navigator-link -->
                      </span>
                      <br/>
                    </div> <!-- method-list-content failed suite-ShopNow -->
                  </li>
                  <li>
                    <span class="method-list-title skipped">Skipped methods</span>
                    <span class="show-or-hide-methods skipped">
                      <a href="#" panel-name="suite-ShopNow" class="hide-methods skipped suite-ShopNow"> (hide)</a> <!-- hide-methods skipped suite-ShopNow -->
                      <a href="#" panel-name="suite-ShopNow" class="show-methods skipped suite-ShopNow"> (show)</a> <!-- show-methods skipped suite-ShopNow -->
                    </span>
                    <div class="method-list-content skipped suite-ShopNow">
                      <span>
                        <img src="skipped.png" width="3%"/>
                        <a href="#" panel-name="suite-ShopNow" title="com.shopnow.qa.tests.OrderSummaryTest" class="method navigator-link" hash-for-method="VerifyFunctionalityOfContinueButtonInOrderSummary">VerifyFunctionalityOfContinueButtonInOrderSummary</a> <!-- method navigator-link -->
                      </span>
                      <br/>
                      <span>
                        <img src="skipped.png" width="3%"/>
                        <a href="#" panel-name="suite-ShopNow" title="com.shopnow.qa.tests.OrderSummaryTest" class="method navigator-link" hash-for-method="verifyAcceptAndContinueButton">verifyAcceptAndContinueButton</a> <!-- method navigator-link -->
                      </span>
                      <br/>
                      <span>
                        <img src="skipped.png" width="3%"/>
                        <a href="#" panel-name="suite-ShopNow" title="com.shopnow.qa.tests.PaymentTest" class="method navigator-link" hash-for-method="verifyByClickingCreditCardRadioButton">verifyByClickingCreditCardRadioButton</a> <!-- method navigator-link -->
                      </span>
                      <br/>
                      <span>
                        <img src="skipped.png" width="3%"/>
                        <a href="#" panel-name="suite-ShopNow" title="com.shopnow.qa.tests.ShippingTest" class="method navigator-link" hash-for-method="verifyCompleteAddressDetails">verifyCompleteAddressDetails</a> <!-- method navigator-link -->
                      </span>
                      <br/>
                      <span>
                        <img src="skipped.png" width="3%"/>
                        <a href="#" panel-name="suite-ShopNow" title="com.shopnow.qa.tests.PaymentTest" class="method navigator-link" hash-for-method="verifyCompleteDetailsOfCards">verifyCompleteDetailsOfCards</a> <!-- method navigator-link -->
                      </span>
                      <br/>
                      <span>
                        <img src="skipped.png" width="3%"/>
                        <a href="#" panel-name="suite-ShopNow" title="com.shopnow.qa.tests.OrderSummaryTest" class="method navigator-link" hash-for-method="verifyCorrectProductAddedInSummary">verifyCorrectProductAddedInSummary</a> <!-- method navigator-link -->
                      </span>
                      <br/>
                      <span>
                        <img src="skipped.png" width="3%"/>
                        <a href="#" panel-name="suite-ShopNow" title="com.shopnow.qa.tests.OrderSummaryTest" class="method navigator-link" hash-for-method="verifyPriceAndRemoveButton">verifyPriceAndRemoveButton</a> <!-- method navigator-link -->
                      </span>
                      <br/>
                      <span>
                        <img src="skipped.png" width="3%"/>
                        <a href="#" panel-name="suite-ShopNow" title="com.shopnow.qa.tests.OrderSummaryTest" class="method navigator-link" hash-for-method="verifyQuantiyOfProduct">verifyQuantiyOfProduct</a> <!-- method navigator-link -->
                      </span>
                      <br/>
                    </div> <!-- method-list-content skipped suite-ShopNow -->
                  </li>
                  <li>
                    <span class="method-list-title passed">Passed methods</span>
                    <span class="show-or-hide-methods passed">
                      <a href="#" panel-name="suite-ShopNow" class="hide-methods passed suite-ShopNow"> (hide)</a> <!-- hide-methods passed suite-ShopNow -->
                      <a href="#" panel-name="suite-ShopNow" class="show-methods passed suite-ShopNow"> (show)</a> <!-- show-methods passed suite-ShopNow -->
                    </span>
                    <div class="method-list-content passed suite-ShopNow">
                      <span>
                        <img src="passed.png" width="3%"/>
                        <a href="#" panel-name="suite-ShopNow" title="com.shopnow.qa.tests.ProductTest" class="method navigator-link" hash-for-method="VerifyPincodeFieldAndCheckButton">VerifyPincodeFieldAndCheckButton</a> <!-- method navigator-link -->
                      </span>
                      <br/>
                      <span>
                        <img src="passed.png" width="3%"/>
                        <a href="#" panel-name="suite-ShopNow" title="com.shopnow.qa.tests.CheckOutTest" class="method navigator-link" hash-for-method="verifyCorrectProduchAddedInCart">verifyCorrectProduchAddedInCart</a> <!-- method navigator-link -->
                      </span>
                      <br/>
                      <span>
                        <img src="passed.png" width="3%"/>
                        <a href="#" panel-name="suite-ShopNow" title="com.shopnow.qa.tests.ProductTest" class="method navigator-link" hash-for-method="verifyProductAddToBag">verifyProductAddToBag</a> <!-- method navigator-link -->
                      </span>
                      <br/>
                      <span>
                        <img src="passed.png" width="3%"/>
                        <a href="#" panel-name="suite-ShopNow" title="com.shopnow.qa.tests.SearchTest" class="method navigator-link" hash-for-method="verifySearchValidProductName">verifySearchValidProductName</a> <!-- method navigator-link -->
                      </span>
                      <br/>
                      <span>
                        <img src="passed.png" width="3%"/>
                        <a href="#" panel-name="suite-ShopNow" title="com.shopnow.qa.tests.SearchTest" class="method navigator-link" hash-for-method="verifyToClickOnSearchResultProduct">verifyToClickOnSearchResultProduct</a> <!-- method navigator-link -->
                      </span>
                      <br/>
                      <span>
                        <img src="passed.png" width="3%"/>
                        <a href="#" panel-name="suite-ShopNow" title="com.shopnow.qa.tests.CheckOutTest" class="method navigator-link" hash-for-method="verifyToPlaceAnOrder">verifyToPlaceAnOrder</a> <!-- method navigator-link -->
                      </span>
                      <br/>
                      <span>
                        <img src="passed.png" width="3%"/>
                        <a href="#" panel-name="suite-ShopNow" title="com.shopnow.qa.tests.HomeTest" class="method navigator-link" hash-for-method="verifyWebsiteLoadSuccessfully">verifyWebsiteLoadSuccessfully</a> <!-- method navigator-link -->
                      </span>
                      <br/>
                    </div> <!-- method-list-content passed suite-ShopNow -->
                  </li>
                </ul>
              </div> <!-- suite-section-content -->
            </div> <!-- result-section -->
          </div> <!-- navigator-suite-content -->
        </div> <!-- rounded-window -->
      </div> <!-- suite -->
    </div> <!-- navigator-root -->
    <div class="wrapper">
      <div class="main-panel-root">
        <div panel-name="suite-ShopNow" class="panel ShopNow">
          <div class="suite-ShopNow-class-failed">
            <div class="main-panel-header rounded-window-top">
              <img src="failed.png"/>
              <span class="class-name">com.shopnow.qa.tests.LoginTest</span>
            </div> <!-- main-panel-header rounded-window-top -->
            <div class="main-panel-content rounded-window-bottom">
              <div class="method">
                <div class="method-content">
                  <a name="verifyValidEmailidAndPassword">
                  </a> <!-- verifyValidEmailidAndPassword -->
                  <span class="method-name">verifyValidEmailidAndPassword</span>
                  <div class="stack-trace">java.lang.AssertionError: Error detected on the page: &apos;Something&apos;s not right. Please try again.&apos;
	at com.shopnow.qa.pages.LoginPage.enterEmailid(LoginPage.java:57)
	at com.shopnow.qa.tests.LoginTest.verifyValidEmailidAndPassword(LoginTest.java:37)
	at java.base/java.util.ArrayList.forEach(ArrayList.java:1511)
... Removed 28 stack frames
</div> <!-- stack-trace -->
                </div> <!-- method-content -->
              </div> <!-- method -->
            </div> <!-- main-panel-content rounded-window-bottom -->
          </div> <!-- suite-ShopNow-class-failed -->
          <div class="suite-ShopNow-class-skipped">
            <div class="main-panel-header rounded-window-top">
              <img src="skipped.png"/>
              <span class="class-name">com.shopnow.qa.tests.PaymentTest</span>
            </div> <!-- main-panel-header rounded-window-top -->
            <div class="main-panel-content rounded-window-bottom">
              <div class="method">
                <div class="method-content">
                  <a name="verifyByClickingCreditCardRadioButton">
                  </a> <!-- verifyByClickingCreditCardRadioButton -->
                  <span class="method-name">verifyByClickingCreditCardRadioButton</span>
                  <div class="stack-trace">java.lang.AssertionError: Error detected on the page: &apos;Something&apos;s not right. Please try again.&apos;
	at com.shopnow.qa.pages.LoginPage.enterEmailid(LoginPage.java:57)
	at com.shopnow.qa.pages.PaymentPage.roadToPayment(PaymentPage.java:92)
	at com.shopnow.qa.tests.PaymentTest.setup(PaymentTest.java:27)
	at java.base/java.util.ArrayList.forEach(ArrayList.java:1511)
... Removed 26 stack frames
</div> <!-- stack-trace -->
                </div> <!-- method-content -->
              </div> <!-- method -->
              <div class="method">
                <div class="method-content">
                  <a name="verifyCompleteDetailsOfCards">
                  </a> <!-- verifyCompleteDetailsOfCards -->
                  <span class="method-name">verifyCompleteDetailsOfCards</span>
                  <div class="stack-trace">java.lang.AssertionError: Error detected on the page: &apos;Something&apos;s not right. Please try again.&apos;
	at com.shopnow.qa.pages.LoginPage.enterEmailid(LoginPage.java:57)
	at com.shopnow.qa.pages.PaymentPage.roadToPayment(PaymentPage.java:92)
	at com.shopnow.qa.tests.PaymentTest.setup(PaymentTest.java:27)
	at java.base/java.util.ArrayList.forEach(ArrayList.java:1511)
... Removed 26 stack frames
</div> <!-- stack-trace -->
                </div> <!-- method-content -->
              </div> <!-- method -->
            </div> <!-- main-panel-content rounded-window-bottom -->
          </div> <!-- suite-ShopNow-class-skipped -->
          <div class="suite-ShopNow-class-skipped">
            <div class="main-panel-header rounded-window-top">
              <img src="skipped.png"/>
              <span class="class-name">com.shopnow.qa.tests.ShippingTest</span>
            </div> <!-- main-panel-header rounded-window-top -->
            <div class="main-panel-content rounded-window-bottom">
              <div class="method">
                <div class="method-content">
                  <a name="verifyCompleteAddressDetails">
                  </a> <!-- verifyCompleteAddressDetails -->
                  <span class="method-name">verifyCompleteAddressDetails</span>
                  <div class="stack-trace">java.lang.AssertionError: Error detected on the page: &apos;Something&apos;s not right. Please try again.&apos;
	at com.shopnow.qa.pages.LoginPage.enterEmailid(LoginPage.java:57)
	at com.shopnow.qa.pages.ShippingPage.roadToShippingPage(ShippingPage.java:111)
	at com.shopnow.qa.tests.ShippingTest.setup(ShippingTest.java:28)
	at java.base/java.util.ArrayList.forEach(ArrayList.java:1511)
... Removed 26 stack frames
</div> <!-- stack-trace -->
                </div> <!-- method-content -->
              </div> <!-- method -->
            </div> <!-- main-panel-content rounded-window-bottom -->
          </div> <!-- suite-ShopNow-class-skipped -->
          <div class="suite-ShopNow-class-skipped">
            <div class="main-panel-header rounded-window-top">
              <img src="skipped.png"/>
              <span class="class-name">com.shopnow.qa.tests.OrderSummaryTest</span>
            </div> <!-- main-panel-header rounded-window-top -->
            <div class="main-panel-content rounded-window-bottom">
              <div class="method">
                <div class="method-content">
                  <a name="VerifyFunctionalityOfContinueButtonInOrderSummary">
                  </a> <!-- VerifyFunctionalityOfContinueButtonInOrderSummary -->
                  <span class="method-name">VerifyFunctionalityOfContinueButtonInOrderSummary</span>
                  <div class="stack-trace">java.lang.AssertionError: Error detected on the page: &apos;Something&apos;s not right. Please try again.&apos;
	at com.shopnow.qa.pages.LoginPage.enterEmailid(LoginPage.java:57)
	at com.shopnow.qa.pages.OrderSummaryPage.roadToOrderSummary(OrderSummaryPage.java:93)
	at com.shopnow.qa.tests.OrderSummaryTest.setup(OrderSummaryTest.java:31)
	at java.base/java.util.ArrayList.forEach(ArrayList.java:1511)
... Removed 26 stack frames
</div> <!-- stack-trace -->
                </div> <!-- method-content -->
              </div> <!-- method -->
              <div class="method">
                <div class="method-content">
                  <a name="verifyAcceptAndContinueButton">
                  </a> <!-- verifyAcceptAndContinueButton -->
                  <span class="method-name">verifyAcceptAndContinueButton</span>
                  <div class="stack-trace">java.lang.AssertionError: Error detected on the page: &apos;Something&apos;s not right. Please try again.&apos;
	at com.shopnow.qa.pages.LoginPage.enterEmailid(LoginPage.java:57)
	at com.shopnow.qa.pages.OrderSummaryPage.roadToOrderSummary(OrderSummaryPage.java:93)
	at com.shopnow.qa.tests.OrderSummaryTest.setup(OrderSummaryTest.java:31)
	at java.base/java.util.ArrayList.forEach(ArrayList.java:1511)
... Removed 26 stack frames
</div> <!-- stack-trace -->
                </div> <!-- method-content -->
              </div> <!-- method -->
              <div class="method">
                <div class="method-content">
                  <a name="verifyCorrectProductAddedInSummary">
                  </a> <!-- verifyCorrectProductAddedInSummary -->
                  <span class="method-name">verifyCorrectProductAddedInSummary</span>
                  <div class="stack-trace">java.lang.AssertionError: Error detected on the page: &apos;Something&apos;s not right. Please try again.&apos;
	at com.shopnow.qa.pages.LoginPage.enterEmailid(LoginPage.java:57)
	at com.shopnow.qa.pages.OrderSummaryPage.roadToOrderSummary(OrderSummaryPage.java:93)
	at com.shopnow.qa.tests.OrderSummaryTest.setup(OrderSummaryTest.java:31)
	at java.base/java.util.ArrayList.forEach(ArrayList.java:1511)
... Removed 26 stack frames
</div> <!-- stack-trace -->
                </div> <!-- method-content -->
              </div> <!-- method -->
              <div class="method">
                <div class="method-content">
                  <a name="verifyPriceAndRemoveButton">
                  </a> <!-- verifyPriceAndRemoveButton -->
                  <span class="method-name">verifyPriceAndRemoveButton</span>
                  <div class="stack-trace">java.lang.AssertionError: Error detected on the page: &apos;Something&apos;s not right. Please try again.&apos;
	at com.shopnow.qa.pages.LoginPage.enterEmailid(LoginPage.java:57)
	at com.shopnow.qa.pages.OrderSummaryPage.roadToOrderSummary(OrderSummaryPage.java:93)
	at com.shopnow.qa.tests.OrderSummaryTest.setup(OrderSummaryTest.java:31)
	at java.base/java.util.ArrayList.forEach(ArrayList.java:1511)
... Removed 26 stack frames
</div> <!-- stack-trace -->
                </div> <!-- method-content -->
              </div> <!-- method -->
              <div class="method">
                <div class="method-content">
                  <a name="verifyQuantiyOfProduct">
                  </a> <!-- verifyQuantiyOfProduct -->
                  <span class="method-name">verifyQuantiyOfProduct</span>
                  <div class="stack-trace">java.lang.AssertionError: Error detected on the page: &apos;Something&apos;s not right. Please try again.&apos;
	at com.shopnow.qa.pages.LoginPage.enterEmailid(LoginPage.java:57)
	at com.shopnow.qa.pages.OrderSummaryPage.roadToOrderSummary(OrderSummaryPage.java:93)
	at com.shopnow.qa.tests.OrderSummaryTest.setup(OrderSummaryTest.java:31)
	at java.base/java.util.ArrayList.forEach(ArrayList.java:1511)
... Removed 26 stack frames
</div> <!-- stack-trace -->
                </div> <!-- method-content -->
              </div> <!-- method -->
            </div> <!-- main-panel-content rounded-window-bottom -->
          </div> <!-- suite-ShopNow-class-skipped -->
          <div class="suite-ShopNow-class-passed">
            <div class="main-panel-header rounded-window-top">
              <img src="passed.png"/>
              <span class="class-name">com.shopnow.qa.tests.ProductTest</span>
            </div> <!-- main-panel-header rounded-window-top -->
            <div class="main-panel-content rounded-window-bottom">
              <div class="method">
                <div class="method-content">
                  <a name="VerifyPincodeFieldAndCheckButton">
                  </a> <!-- VerifyPincodeFieldAndCheckButton -->
                  <span class="method-name">VerifyPincodeFieldAndCheckButton</span>
                </div> <!-- method-content -->
              </div> <!-- method -->
              <div class="method">
                <div class="method-content">
                  <a name="verifyProductAddToBag">
                  </a> <!-- verifyProductAddToBag -->
                  <span class="method-name">verifyProductAddToBag</span>
                </div> <!-- method-content -->
              </div> <!-- method -->
            </div> <!-- main-panel-content rounded-window-bottom -->
          </div> <!-- suite-ShopNow-class-passed -->
          <div class="suite-ShopNow-class-passed">
            <div class="main-panel-header rounded-window-top">
              <img src="passed.png"/>
              <span class="class-name">com.shopnow.qa.tests.CheckOutTest</span>
            </div> <!-- main-panel-header rounded-window-top -->
            <div class="main-panel-content rounded-window-bottom">
              <div class="method">
                <div class="method-content">
                  <a name="verifyCorrectProduchAddedInCart">
                  </a> <!-- verifyCorrectProduchAddedInCart -->
                  <span class="method-name">verifyCorrectProduchAddedInCart</span>
                </div> <!-- method-content -->
              </div> <!-- method -->
              <div class="method">
                <div class="method-content">
                  <a name="verifyToPlaceAnOrder">
                  </a> <!-- verifyToPlaceAnOrder -->
                  <span class="method-name">verifyToPlaceAnOrder</span>
                </div> <!-- method-content -->
              </div> <!-- method -->
            </div> <!-- main-panel-content rounded-window-bottom -->
          </div> <!-- suite-ShopNow-class-passed -->
          <div class="suite-ShopNow-class-passed">
            <div class="main-panel-header rounded-window-top">
              <img src="passed.png"/>
              <span class="class-name">com.shopnow.qa.tests.SearchTest</span>
            </div> <!-- main-panel-header rounded-window-top -->
            <div class="main-panel-content rounded-window-bottom">
              <div class="method">
                <div class="method-content">
                  <a name="verifySearchValidProductName">
                  </a> <!-- verifySearchValidProductName -->
                  <span class="method-name">verifySearchValidProductName</span>
                </div> <!-- method-content -->
              </div> <!-- method -->
              <div class="method">
                <div class="method-content">
                  <a name="verifyToClickOnSearchResultProduct">
                  </a> <!-- verifyToClickOnSearchResultProduct -->
                  <span class="method-name">verifyToClickOnSearchResultProduct</span>
                </div> <!-- method-content -->
              </div> <!-- method -->
            </div> <!-- main-panel-content rounded-window-bottom -->
          </div> <!-- suite-ShopNow-class-passed -->
          <div class="suite-ShopNow-class-passed">
            <div class="main-panel-header rounded-window-top">
              <img src="passed.png"/>
              <span class="class-name">com.shopnow.qa.tests.HomeTest</span>
            </div> <!-- main-panel-header rounded-window-top -->
            <div class="main-panel-content rounded-window-bottom">
              <div class="method">
                <div class="method-content">
                  <a name="verifyWebsiteLoadSuccessfully">
                  </a> <!-- verifyWebsiteLoadSuccessfully -->
                  <span class="method-name">verifyWebsiteLoadSuccessfully</span>
                </div> <!-- method-content -->
              </div> <!-- method -->
            </div> <!-- main-panel-content rounded-window-bottom -->
          </div> <!-- suite-ShopNow-class-passed -->
        </div> <!-- panel ShopNow -->
        <div panel-name="test-xml-ShopNow" class="panel">
          <div class="main-panel-header rounded-window-top">
            <span class="header-content">E:\eclipse-workspace\ShopNow\src\test\resources\testng.xml</span>
          </div> <!-- main-panel-header rounded-window-top -->
          <div class="main-panel-content rounded-window-bottom">
            <pre>
&lt;?xml version=&quot;1.0&quot; encoding=&quot;UTF-8&quot;?&gt;
&lt;!DOCTYPE suite SYSTEM &quot;https://testng.org/testng-1.0.dtd&quot;&gt;
&lt;suite name=&quot;ShopNow&quot; guice-stage=&quot;DEVELOPMENT&quot;&gt;
  &lt;listeners&gt;
    &lt;listener class-name=&quot;com.shopnow.qa.utilities.MyListener&quot;/&gt;
  &lt;/listeners&gt;
  &lt;test thread-count=&quot;5&quot; name=&quot;ShopNow Test&quot;&gt;
    &lt;classes&gt;
      &lt;class name=&quot;com.shopnow.qa.tests.HomeTest&quot;/&gt;
      &lt;class name=&quot;com.shopnow.qa.tests.SearchTest&quot;/&gt;
      &lt;class name=&quot;com.shopnow.qa.tests.ProductTest&quot;/&gt;
      &lt;class name=&quot;com.shopnow.qa.tests.CheckOutTest&quot;/&gt;
      &lt;class name=&quot;com.shopnow.qa.tests.LoginTest&quot;/&gt;
      &lt;class name=&quot;com.shopnow.qa.tests.ShippingTest&quot;/&gt;
      &lt;class name=&quot;com.shopnow.qa.tests.OrderSummaryTest&quot;/&gt;
      &lt;class name=&quot;com.shopnow.qa.tests.PaymentTest&quot;/&gt;
    &lt;/classes&gt;
  &lt;/test&gt; &lt;!-- ShopNow Test --&gt;
&lt;/suite&gt; &lt;!-- ShopNow --&gt;
            </pre>
          </div> <!-- main-panel-content rounded-window-bottom -->
        </div> <!-- panel -->
        <div panel-name="testlist-ShopNow" class="panel">
          <div class="main-panel-header rounded-window-top">
            <span class="header-content">Tests for ShopNow</span>
          </div> <!-- main-panel-header rounded-window-top -->
          <div class="main-panel-content rounded-window-bottom">
            <ul>
              <li>
                <span class="test-name">ShopNow Test (8 classes)</span>
              </li>
            </ul>
          </div> <!-- main-panel-content rounded-window-bottom -->
        </div> <!-- panel -->
        <div panel-name="group-ShopNow" class="panel">
          <div class="main-panel-header rounded-window-top">
            <span class="header-content">Groups for ShopNow</span>
          </div> <!-- main-panel-header rounded-window-top -->
          <div class="main-panel-content rounded-window-bottom">
          </div> <!-- main-panel-content rounded-window-bottom -->
        </div> <!-- panel -->
        <div panel-name="times-ShopNow" class="panel">
          <div class="main-panel-header rounded-window-top">
            <span class="header-content">Times for ShopNow</span>
          </div> <!-- main-panel-header rounded-window-top -->
          <div class="main-panel-content rounded-window-bottom">
            <div class="times-div">
              <script type="text/javascript">
suiteTableInitFunctions.push('tableData_ShopNow');
function tableData_ShopNow() {
var data = new google.visualization.DataTable();
data.addColumn('number', 'Number');
data.addColumn('string', 'Method');
data.addColumn('string', 'Class');
data.addColumn('number', 'Time (ms)');
data.addRows(16);
data.setCell(0, 0, 0)
data.setCell(0, 1, 'VerifyPincodeFieldAndCheckButton')
data.setCell(0, 2, 'com.shopnow.qa.tests.ProductTest')
data.setCell(0, 3, 10496);
data.setCell(1, 0, 1)
data.setCell(1, 1, 'verifySearchValidProductName')
data.setCell(1, 2, 'com.shopnow.qa.tests.SearchTest')
data.setCell(1, 3, 10216);
data.setCell(2, 0, 2)
data.setCell(2, 1, 'verifyWebsiteLoadSuccessfully')
data.setCell(2, 2, 'com.shopnow.qa.tests.HomeTest')
data.setCell(2, 3, 7801);
data.setCell(3, 0, 3)
data.setCell(3, 1, 'verifyProductAddToBag')
data.setCell(3, 2, 'com.shopnow.qa.tests.ProductTest')
data.setCell(3, 3, 6632);
data.setCell(4, 0, 4)
data.setCell(4, 1, 'verifyToClickOnSearchResultProduct')
data.setCell(4, 2, 'com.shopnow.qa.tests.SearchTest')
data.setCell(4, 3, 5867);
data.setCell(5, 0, 5)
data.setCell(5, 1, 'verifyToPlaceAnOrder')
data.setCell(5, 2, 'com.shopnow.qa.tests.CheckOutTest')
data.setCell(5, 3, 3668);
data.setCell(6, 0, 6)
data.setCell(6, 1, 'verifyValidEmailidAndPassword')
data.setCell(6, 2, 'com.shopnow.qa.tests.LoginTest')
data.setCell(6, 3, 2947);
data.setCell(7, 0, 7)
data.setCell(7, 1, 'verifyCorrectProduchAddedInCart')
data.setCell(7, 2, 'com.shopnow.qa.tests.CheckOutTest')
data.setCell(7, 3, 1519);
data.setCell(8, 0, 8)
data.setCell(8, 1, 'verifyCompleteAddressDetails')
data.setCell(8, 2, 'com.shopnow.qa.tests.ShippingTest')
data.setCell(8, 3, 0);
data.setCell(9, 0, 9)
data.setCell(9, 1, 'verifyPriceAndRemoveButton')
data.setCell(9, 2, 'com.shopnow.qa.tests.OrderSummaryTest')
data.setCell(9, 3, 0);
data.setCell(10, 0, 10)
data.setCell(10, 1, 'verifyCompleteDetailsOfCards')
data.setCell(10, 2, 'com.shopnow.qa.tests.PaymentTest')
data.setCell(10, 3, 0);
data.setCell(11, 0, 11)
data.setCell(11, 1, 'verifyAcceptAndContinueButton')
data.setCell(11, 2, 'com.shopnow.qa.tests.OrderSummaryTest')
data.setCell(11, 3, 0);
data.setCell(12, 0, 12)
data.setCell(12, 1, 'verifyByClickingCreditCardRadioButton')
data.setCell(12, 2, 'com.shopnow.qa.tests.PaymentTest')
data.setCell(12, 3, 0);
data.setCell(13, 0, 13)
data.setCell(13, 1, 'VerifyFunctionalityOfContinueButtonInOrderSummary')
data.setCell(13, 2, 'com.shopnow.qa.tests.OrderSummaryTest')
data.setCell(13, 3, 0);
data.setCell(14, 0, 14)
data.setCell(14, 1, 'verifyCorrectProductAddedInSummary')
data.setCell(14, 2, 'com.shopnow.qa.tests.OrderSummaryTest')
data.setCell(14, 3, 0);
data.setCell(15, 0, 15)
data.setCell(15, 1, 'verifyQuantiyOfProduct')
data.setCell(15, 2, 'com.shopnow.qa.tests.OrderSummaryTest')
data.setCell(15, 3, 0);
window.suiteTableData['ShopNow']= { tableData: data, tableDiv: 'times-div-ShopNow'}
return data;
}
              </script>
              <span class="suite-total-time">Total running time: 49 seconds</span>
              <div id="times-div-ShopNow">
              </div> <!-- times-div-ShopNow -->
            </div> <!-- times-div -->
          </div> <!-- main-panel-content rounded-window-bottom -->
        </div> <!-- panel -->
        <div panel-name="reporter-ShopNow" class="panel">
          <div class="main-panel-header rounded-window-top">
            <span class="header-content">Reporter output for ShopNow</span>
          </div> <!-- main-panel-header rounded-window-top -->
          <div class="main-panel-content rounded-window-bottom">
          </div> <!-- main-panel-content rounded-window-bottom -->
        </div> <!-- panel -->
        <div panel-name="ignored-methods-ShopNow" class="panel">
          <div class="main-panel-header rounded-window-top">
            <span class="header-content">0 ignored methods</span>
          </div> <!-- main-panel-header rounded-window-top -->
          <div class="main-panel-content rounded-window-bottom">
          </div> <!-- main-panel-content rounded-window-bottom -->
        </div> <!-- panel -->
        <div panel-name="chronological-ShopNow" class="panel">
          <div class="main-panel-header rounded-window-top">
            <span class="header-content">Methods in chronological order</span>
          </div> <!-- main-panel-header rounded-window-top -->
          <div class="main-panel-content rounded-window-bottom">
            <div class="chronological-class">
              <div class="chronological-class-name">com.shopnow.qa.tests.HomeTest</div> <!-- chronological-class-name -->
              <div class="configuration-method before">
                <span class="method-name">setup</span>
                <span class="method-start">0 ms</span>
              </div> <!-- configuration-method before -->
              <div class="test-method">
                <span class="method-name">verifyWebsiteLoadSuccessfully</span>
                <span class="method-start">5683 ms</span>
              </div> <!-- test-method -->
              <div class="configuration-method after">
                <span class="method-name">tearDown</span>
                <span class="method-start">13491 ms</span>
              </div> <!-- configuration-method after -->
            </div> <!-- chronological-class -->
            <div class="chronological-class">
              <div class="chronological-class-name">com.shopnow.qa.tests.SearchTest</div> <!-- chronological-class-name -->
              <div class="configuration-class before">
                <span class="method-name">Setup</span>
                <span class="method-start">14018 ms</span>
              </div> <!-- configuration-class before -->
              <div class="test-method">
                <span class="method-name">verifySearchValidProductName</span>
                <span class="method-start">25105 ms</span>
              </div> <!-- test-method -->
              <div class="test-method">
                <span class="method-name">verifyToClickOnSearchResultProduct</span>
                <span class="method-start">35351 ms</span>
              </div> <!-- test-method -->
              <div class="configuration-class after">
                <span class="method-name">tearDown</span>
                <span class="method-start">41235 ms</span>
              </div> <!-- configuration-class after -->
            </div> <!-- chronological-class -->
            <div class="chronological-class">
              <div class="chronological-class-name">com.shopnow.qa.tests.ProductTest</div> <!-- chronological-class-name -->
              <div class="configuration-class before">
                <span class="method-name">setup</span>
                <span class="method-start">41909 ms</span>
              </div> <!-- configuration-class before -->
              <div class="test-method">
                <span class="method-name">VerifyPincodeFieldAndCheckButton</span>
                <span class="method-start">58803 ms</span>
              </div> <!-- test-method -->
              <div class="test-method">
                <span class="method-name">verifyProductAddToBag</span>
                <span class="method-start">69319 ms</span>
              </div> <!-- test-method -->
              <div class="configuration-class after">
                <span class="method-name">tearDown</span>
                <span class="method-start">75965 ms</span>
              </div> <!-- configuration-class after -->
            </div> <!-- chronological-class -->
            <div class="chronological-class">
              <div class="chronological-class-name">com.shopnow.qa.tests.CheckOutTest</div> <!-- chronological-class-name -->
              <div class="configuration-class before">
                <span class="method-name">setup</span>
                <span class="method-start">76581 ms</span>
              </div> <!-- configuration-class before -->
              <div class="test-method">
                <span class="method-name">verifyCorrectProduchAddedInCart</span>
                <span class="method-start">115971 ms</span>
              </div> <!-- test-method -->
              <div class="test-method">
                <span class="method-name">verifyToPlaceAnOrder</span>
                <span class="method-start">117504 ms</span>
              </div> <!-- test-method -->
              <div class="configuration-class after">
                <span class="method-name">tearDown</span>
                <span class="method-start">121192 ms</span>
              </div> <!-- configuration-class after -->
            </div> <!-- chronological-class -->
            <div class="chronological-class">
              <div class="chronological-class-name">com.shopnow.qa.tests.LoginTest</div> <!-- chronological-class-name -->
              <div class="configuration-class before">
                <span class="method-name">setup</span>
                <span class="method-start">121976 ms</span>
              </div> <!-- configuration-class before -->
              <div class="test-method">
                <img src="failed.png">
                </img>
                <span class="method-name">verifyValidEmailidAndPassword</span>
                <span class="method-start">152509 ms</span>
              </div> <!-- test-method -->
              <div class="configuration-class after">
                <span class="method-name">tearDown</span>
                <span class="method-start">155745 ms</span>
              </div> <!-- configuration-class after -->
            </div> <!-- chronological-class -->
            <div class="chronological-class">
              <div class="chronological-class-name">com.shopnow.qa.tests.ShippingTest</div> <!-- chronological-class-name -->
              <div class="configuration-class before">
                <img src="failed.png">
                </img>
                <span class="method-name">setup</span>
                <span class="method-start">156314 ms</span>
              </div> <!-- configuration-class before -->
            </div> <!-- chronological-class -->
            <div class="chronological-class">
              <div class="chronological-class-name">com.shopnow.qa.tests.OrderSummaryTest</div> <!-- chronological-class-name -->
              <div class="configuration-class before">
                <img src="failed.png">
                </img>
                <span class="method-name">setup</span>
                <span class="method-start">188607 ms</span>
              </div> <!-- configuration-class before -->
            </div> <!-- chronological-class -->
            <div class="chronological-class">
              <div class="chronological-class-name">com.shopnow.qa.tests.PaymentTest</div> <!-- chronological-class-name -->
              <div class="configuration-class before">
                <img src="failed.png">
                </img>
                <span class="method-name">setup</span>
                <span class="method-start">228311 ms</span>
              </div> <!-- configuration-class before -->
          </div> <!-- main-panel-content rounded-window-bottom -->
        </div> <!-- panel -->
      </div> <!-- main-panel-root -->
    </div> <!-- wrapper -->
  </body>
<script type="text/javascript" src="testng-reports2.js"></script>
</html>
