<?xml version="1.0" encoding="UTF-8"?>
<!-- Generated by org.testng.reporters.JUnitXMLReporter -->
<testsuite ignored="0" hostname="KrazY" failures="1" tests="16" name="ShopNow Test" time="304.691" errors="0" timestamp="2024-03-17T21:45:17 IST">
  <testcase classname="com.shopnow.qa.tests.ShippingTest" name="@BeforeClass setup" time="32.892">
    <failure type="java.lang.AssertionError" message="Error detected on the page: &amp;apos;Something&amp;apos;s not right. Please try again.&amp;apos;">
      <![CDATA[java.lang.AssertionError: Error detected on the page: 'Something's not right. Please try again.'
at com.shopnow.qa.pages.LoginPage.enterEmailid(LoginPage.java:57)
at com.shopnow.qa.pages.ShippingPage.roadToShippingPage(ShippingPage.java:111)
at com.shopnow.qa.tests.ShippingTest.setup(ShippingTest.java:28)
at java.base/java.util.ArrayList.forEach(ArrayList.java:1511)
... Removed 30 stack frames]]>
    </failure>
  </testcase> <!-- @BeforeClass setup -->
  <testcase classname="com.shopnow.qa.tests.ShippingTest" name="@AfterClass tearDown" time="0.0">
    <skipped/>
  </testcase> <!-- @AfterClass tearDown -->
  <testcase classname="com.shopnow.qa.tests.OrderSummaryTest" name="@BeforeClass setup" time="44.597">
    <failure type="java.lang.AssertionError" message="Error detected on the page: &amp;apos;Something&amp;apos;s not right. Please try again.&amp;apos;">
      <![CDATA[java.lang.AssertionError: Error detected on the page: 'Something's not right. Please try again.'
at com.shopnow.qa.pages.LoginPage.enterEmailid(LoginPage.java:57)
at com.shopnow.qa.pages.OrderSummaryPage.roadToOrderSummary(OrderSummaryPage.java:93)
at com.shopnow.qa.tests.OrderSummaryTest.setup(OrderSummaryTest.java:31)
at java.base/java.util.ArrayList.forEach(ArrayList.java:1511)
... Removed 30 stack frames]]>
    </failure>
  </testcase> <!-- @BeforeClass setup -->
  <testcase classname="com.shopnow.qa.tests.OrderSummaryTest" name="@AfterClass tearDown" time="0.0">
    <skipped/>
  </testcase> <!-- @AfterClass tearDown -->
  <testcase classname="com.shopnow.qa.tests.PaymentTest" name="@BeforeClass setup" time="37.551">
    <failure type="java.lang.AssertionError" message="Error detected on the page: &amp;apos;Something&amp;apos;s not right. Please try again.&amp;apos;">
      <![CDATA[java.lang.AssertionError: Error detected on the page: 'Something's not right. Please try again.'
at com.shopnow.qa.pages.LoginPage.enterEmailid(LoginPage.java:57)
at com.shopnow.qa.pages.PaymentPage.roadToPayment(PaymentPage.java:92)
at com.shopnow.qa.tests.PaymentTest.setup(PaymentTest.java:27)
at java.base/java.util.ArrayList.forEach(ArrayList.java:1511)
... Removed 30 stack frames]]>
    </failure>
  </testcase> <!-- @BeforeClass setup -->
  <testcase classname="com.shopnow.qa.tests.PaymentTest" name="@AfterClass tearDown" time="0.0">
    <skipped/>
  </testcase> <!-- @AfterClass tearDown -->
  <testcase classname="com.shopnow.qa.tests.HomeTest" name="verifyWebsiteLoadSuccessfully" time="14.29"/>
  <testcase classname="com.shopnow.qa.tests.SearchTest" name="verifySearchValidProductName" time="16.013"/>
  <testcase classname="com.shopnow.qa.tests.SearchTest" name="verifyToClickOnSearchResultProduct" time="6.182"/>
  <testcase classname="com.shopnow.qa.tests.ProductTest" name="VerifyPincodeFieldAndCheckButton" time="8.867"/>
  <testcase classname="com.shopnow.qa.tests.ProductTest" name="verifyProductAddToBag" time="8.072"/>
  <testcase classname="com.shopnow.qa.tests.CheckOutTest" name="verifyCorrectProduchAddedInCart" time="1.421"/>
  <testcase classname="com.shopnow.qa.tests.CheckOutTest" name="verifyToPlaceAnOrder" time="6.01"/>
  <testcase classname="com.shopnow.qa.tests.LoginTest" name="verifyValidEmailidAndPassword" time="3.208">
    <failure type="java.lang.AssertionError" message="Error detected on the page: &amp;apos;Something&amp;apos;s not right. Please try again.&amp;apos;">
      <![CDATA[java.lang.AssertionError: Error detected on the page: 'Something's not right. Please try again.'
at com.shopnow.qa.pages.LoginPage.enterEmailid(LoginPage.java:57)
at com.shopnow.qa.tests.LoginTest.verifyValidEmailidAndPassword(LoginTest.java:37)
at java.base/java.util.ArrayList.forEach(ArrayList.java:1511)
... Removed 32 stack frames]]>
    </failure>
  </testcase> <!-- verifyValidEmailidAndPassword -->
  <testcase classname="com.shopnow.qa.tests.ShippingTest" name="verifyCompleteAddressDetails" time="0.0">
    <skipped/>
  </testcase> <!-- verifyCompleteAddressDetails -->
  <testcase classname="com.shopnow.qa.tests.OrderSummaryTest" name="verifyCorrectProductAddedInSummary" time="0.0">
    <skipped/>
  </testcase> <!-- verifyCorrectProductAddedInSummary -->
  <testcase classname="com.shopnow.qa.tests.OrderSummaryTest" name="verifyQuantiyOfProduct" time="0.0">
    <skipped/>
  </testcase> <!-- verifyQuantiyOfProduct -->
  <testcase classname="com.shopnow.qa.tests.OrderSummaryTest" name="verifyPriceAndRemoveButton" time="0.001">
    <skipped/>
  </testcase> <!-- verifyPriceAndRemoveButton -->
  <testcase classname="com.shopnow.qa.tests.OrderSummaryTest" name="VerifyFunctionalityOfContinueButtonInOrderSummary" time="0.0">
    <skipped/>
  </testcase> <!-- VerifyFunctionalityOfContinueButtonInOrderSummary -->
  <testcase classname="com.shopnow.qa.tests.OrderSummaryTest" name="verifyAcceptAndContinueButton" time="0.0">
    <skipped/>
  </testcase> <!-- verifyAcceptAndContinueButton -->
  <testcase classname="com.shopnow.qa.tests.PaymentTest" name="verifyByClickingCreditCardRadioButton" time="0.001">
    <skipped/>
  </testcase> <!-- verifyByClickingCreditCardRadioButton -->
  <testcase classname="com.shopnow.qa.tests.PaymentTest" name="verifyCompleteDetailsOfCards" time="0.0">
    <skipped/>
  </testcase> <!-- verifyCompleteDetailsOfCards -->
</testsuite> <!-- ShopNow Test -->
